<?xml version="1.0" encoding="UTF-8"?>
<testng-results skipped="0" failed="0" ignored="0" total="1" passed="1">
  <reporter-output>
  </reporter-output>
  <suite name="Default suite" duration-ms="1336" started-at="2019-12-22T17:40:31 CST" finished-at="2019-12-22T17:40:32 CST">
    <groups>
    </groups>
    <test name="Default test" duration-ms="1336" started-at="2019-12-22T17:40:31 CST" finished-at="2019-12-22T17:40:32 CST">
      <class name="restAssured.PostExample">
        <test-method status="PASS" signature="test()[pri:0, instance:restAssured.PostExample@5ae63ade]" name="test" duration-ms="1258" started-at="2019-12-22T17:40:31 CST" finished-at="2019-12-22T17:40:32 CST">
          <reporter-output>
          </reporter-output>
        </test-method> <!-- test -->
      </class> <!-- restAssured.PostExample -->
    </test> <!-- Default test -->
  </suite> <!-- Default suite -->
</testng-results>
